{
  "RSpec": {
    "coverage": {
      "/mnt/c/Users/dell/Desktop/Studies/Microverse/Rails/face/facebook-clone/spec/controllers/comments_controller_spec.rb": [
        null,
        null,
        1,
        null,
        1,
        1,
        1,
        1,
        1,
        1,
        null,
        1,
        null,
        null,
        1,
        1,
        null,
        null,
        null,
        null,
        1,
        1,
        1,
        1,
        null,
        1,
        null,
        null,
        1,
        1,
        null,
        null,
        null,
        null,
        null
      ],
      "/mnt/c/Users/dell/Desktop/Studies/Microverse/Rails/face/facebook-clone/spec/rails_helper.rb": [
        null,
        null,
        null,
        1,
        1,
        null,
        1,
        null,
        null,
        1,
        1,
        1,
        1,
        1,
        1,
        1,
        null,
        null,
        null,
        null,
        null,
        null,
        null,
        null,
        null,
        null,
        null,
        null,
        null,
        null,
        null,
        null,
        null,
        null,
        null,
        null,
        1,
        null,
        0,
        0,
        null,
        1,
        1,
        null,
        1,
        null,
        null,
        1,
        null,
        null,
        null,
        null,
        1,
        null,
        null,
        null,
        null,
        null,
        null,
        null,
        null,
        null,
        null,
        null,
        null,
        null,
        null,
        1,
        null,
        null,
        1,
        null,
        null,
        null,
        null,
        1,
        1,
        1,
        1,
        null,
        null
      ],
      "/mnt/c/Users/dell/Desktop/Studies/Microverse/Rails/face/facebook-clone/config/environment.rb": [
        null,
        1,
        null,
        null,
        1
      ],
      "/mnt/c/Users/dell/Desktop/Studies/Microverse/Rails/face/facebook-clone/config/application.rb": [
        1,
        null,
        1,
        null,
        null,
        null,
        1,
        null,
        1,
        1,
        null,
        1,
        null,
        null,
        null,
        null,
        null,
        null,
        null
      ],
      "/mnt/c/Users/dell/Desktop/Studies/Microverse/Rails/face/facebook-clone/config/boot.rb": [
        1,
        null,
        1,
        1
      ],
      "/mnt/c/Users/dell/Desktop/Studies/Microverse/Rails/face/facebook-clone/config/spring.rb": [
        1,
        null,
        null,
        null,
        null,
        null
      ],
      "/mnt/c/Users/dell/Desktop/Studies/Microverse/Rails/face/facebook-clone/config/environments/test.rb": [
        null,
        null,
        null,
        null,
        null,
        1,
        null,
        null,
        1,
        null,
        null,
        null,
        null,
        1,
        null,
        null,
        1,
        1,
        null,
        null,
        null,
        null,
        1,
        1,
        1,
        null,
        null,
        1,
        null,
        null,
        1,
        null,
        null,
        1,
        null,
        1,
        null,
        null,
        null,
        null,
        1,
        null,
        null,
        1,
        null,
        null,
        null,
        null
      ],
      "/mnt/c/Users/dell/Desktop/Studies/Microverse/Rails/face/facebook-clone/config/initializers/application_controller_renderer.rb": [
        null,
        null,
        null,
        null,
        null,
        null,
        null,
        null
      ],
      "/mnt/c/Users/dell/Desktop/Studies/Microverse/Rails/face/facebook-clone/config/initializers/assets.rb": [
        null,
        null,
        null,
        1,
        null,
        null,
        null,
        null,
        1,
        null,
        null,
        null,
        null,
        null
      ],
      "/mnt/c/Users/dell/Desktop/Studies/Microverse/Rails/face/facebook-clone/config/initializers/backtrace_silencers.rb": [
        null,
        null,
        null,
        null,
        null,
        null,
        null
      ],
      "/mnt/c/Users/dell/Desktop/Studies/Microverse/Rails/face/facebook-clone/config/initializers/content_security_policy.rb": [
        null,
        null,
        null,
        null,
        null,
        null,
        null,
        null,
        null,
        null,
        null,
        null,
        null,
        null,
        null,
        null,
        null,
        null,
        null,
        null,
        null,
        null,
        null,
        null,
        null,
        null,
        null,
        null,
        null,
        null
      ],
      "/mnt/c/Users/dell/Desktop/Studies/Microverse/Rails/face/facebook-clone/config/initializers/cookies_serializer.rb": [
        null,
        null,
        null,
        null,
        1
      ],
      "/mnt/c/Users/dell/Desktop/Studies/Microverse/Rails/face/facebook-clone/config/initializers/devise.rb": [
        null,
        null,
        null,
        null,
        1,
        null,
        null,
        null,
        null,
        null,
        null,
        null,
        null,
        null,
        null,
        null,
        null,
        null,
        null,
        null,
        1,
        null,
        null,
        1,
        null,
        null,
        null,
        null,
        null,
        null,
        null,
        null,
        1,
        null,
        null,
        null,
        null,
        null,
        null,
        null,
        null,
        null,
        null,
        null,
        null,
        null,
        null,
        null,
        null,
        null,
        null,
        null,
        null,
        null,
        1,
        null,
        null,
        null,
        null,
        1,
        null,
        null,
        null,
        null,
        null,
        null,
        null,
        null,
        null,
        null,
        null,
        null,
        null,
        null,
        null,
        null,
        null,
        null,
        null,
        null,
        null,
        null,
        null,
        null,
        null,
        null,
        null,
        null,
        null,
        null,
        1,
        null,
        null,
        null,
        null,
        null,
        null,
        null,
        null,
        null,
        null,
        null,
        null,
        null,
        null,
        null,
        null,
        null,
        null,
        null,
        null,
        null,
        null,
        1,
        null,
        null,
        null,
        null,
        null,
        null,
        null,
        null,
        null,
        null,
        null,
        null,
        null,
        null,
        null,
        null,
        null,
        null,
        null,
        null,
        null,
        null,
        null,
        null,
        null,
        null,
        null,
        null,
        null,
        null,
        null,
        null,
        null,
        1,
        null,
        null,
        null,
        null,
        null,
        null,
        null,
        null,
        null,
        1,
        null,
        null,
        null,
        null,
        null,
        null,
        null,
        null,
        null,
        null,
        1,
        null,
        null,
        null,
        null,
        1,
        null,
        null,
        null,
        null,
        null,
        null,
        null,
        null,
        null,
        null,
        null,
        null,
        null,
        null,
        null,
        null,
        null,
        null,
        null,
        null,
        null,
        null,
        null,
        null,
        null,
        null,
        null,
        null,
        null,
        null,
        null,
        null,
        null,
        null,
        null,
        null,
        null,
        null,
        null,
        null,
        1,
        null,
        null,
        null,
        null,
        null,
        null,
        null,
        null,
        null,
        null,
        null,
        null,
        null,
        null,
        null,
        null,
        null,
        null,
        null,
        null,
        null,
        null,
        null,
        null,
        null,
        null,
        null,
        null,
        null,
        null,
        null,
        null,
        null,
        null,
        null,
        null,
        null,
        null,
        null,
        null,
        null,
        1,
        null,
        null,
        null,
        null,
        null,
        null,
        null,
        null,
        null,
        null,
        null,
        null,
        null,
        null,
        null,
        null,
        null,
        null,
        null,
        null,
        null,
        null,
        null,
        null,
        null,
        null,
        null,
        null,
        null,
        null,
        null,
        null,
        null,
        null,
        null,
        null,
        null,
        null,
        null,
        null,
        null,
        null
      ],
      "/mnt/c/Users/dell/Desktop/Studies/Microverse/Rails/face/facebook-clone/config/initializers/filter_parameter_logging.rb": [
        null,
        null,
        null,
        1
      ],
      "/mnt/c/Users/dell/Desktop/Studies/Microverse/Rails/face/facebook-clone/config/initializers/friendly_id.rb": [
        null,
        null,
        null,
        null,
        null,
        null,
        null,
        null,
        null,
        null,
        null,
        1,
        null,
        null,
        null,
        null,
        2,
        null,
        2,
        null,
        null,
        null,
        null,
        null,
        null,
        null,
        null,
        null,
        null,
        null,
        null,
        null,
        null,
        null,
        null,
        null,
        null,
        null,
        null,
        null,
        null,
        null,
        null,
        null,
        null,
        null,
        null,
        null,
        null,
        null,
        null,
        null,
        null,
        null,
        null,
        null,
        null,
        null,
        null,
        null,
        null,
        null,
        null,
        null,
        null,
        null,
        null,
        null,
        null,
        null,
        null,
        null,
        null,
        null,
        null,
        null,
        null,
        null,
        null,
        null,
        null,
        null,
        null,
        null,
        null,
        null,
        null,
        null,
        null,
        null,
        null,
        null,
        null,
        null,
        null,
        null,
        null,
        null,
        null,
        null,
        null,
        null,
        null,
        null,
        null,
        null,
        null
      ],
      "/mnt/c/Users/dell/Desktop/Studies/Microverse/Rails/face/facebook-clone/config/initializers/inflections.rb": [
        null,
        null,
        null,
        null,
        null,
        null,
        null,
        null,
        null,
        null,
        null,
        null,
        null,
        null,
        null,
        null
      ],
      "/mnt/c/Users/dell/Desktop/Studies/Microverse/Rails/face/facebook-clone/config/initializers/mime_types.rb": [
        null,
        null,
        null,
        null
      ],
      "/mnt/c/Users/dell/Desktop/Studies/Microverse/Rails/face/facebook-clone/config/initializers/wrap_parameters.rb": [
        null,
        null,
        null,
        null,
        null,
        null,
        1,
        2,
        null,
        null,
        null,
        null,
        null,
        null
      ],
      "/mnt/c/Users/dell/Desktop/Studies/Microverse/Rails/face/facebook-clone/spec/factories/comments.rb": [
        null,
        null,
        1,
        1,
        4,
        1,
        1,
        null,
        null
      ],
      "/mnt/c/Users/dell/Desktop/Studies/Microverse/Rails/face/facebook-clone/spec/factories/likes.rb": [
        null,
        null,
        1,
        1,
        1,
        1,
        null,
        null
      ],
      "/mnt/c/Users/dell/Desktop/Studies/Microverse/Rails/face/facebook-clone/spec/factories/posts.rb": [
        null,
        null,
        1,
        1,
        7,
        1,
        null,
        null
      ],
      "/mnt/c/Users/dell/Desktop/Studies/Microverse/Rails/face/facebook-clone/spec/factories/users.rb": [
        null,
        null,
        1,
        1,
        26,
        26,
        26,
        26,
        26,
        null,
        null
      ],
      "/mnt/c/Users/dell/Desktop/Studies/Microverse/Rails/face/facebook-clone/config/routes.rb": [
        null,
        null,
        1,
        1,
        null,
        1,
        1,
        1,
        1,
        null,
        1,
        1,
        1,
        1,
        1,
        1,
        null,
        null,
        1,
        1,
        null
      ],
      "/mnt/c/Users/dell/Desktop/Studies/Microverse/Rails/face/facebook-clone/app/models/user.rb": [
        null,
        null,
        1,
        1,
        1,
        null,
        12,
        1,
        null,
        null,
        null,
        1,
        null,
        null,
        1,
        1,
        1,
        null,
        null,
        null,
        1,
        1,
        null,
        1,
        null,
        42,
        null,
        null,
        null
      ],
      "/mnt/c/Users/dell/Desktop/Studies/Microverse/Rails/face/facebook-clone/app/models/application_record.rb": [
        null,
        null,
        1,
        1,
        null
      ],
      "/mnt/c/Users/dell/Desktop/Studies/Microverse/Rails/face/facebook-clone/app/helpers/application_helper.rb": [
        null,
        null,
        1,
        1,
        16,
        16,
        16,
        null,
        null,
        1,
        4,
        0,
        null,
        4,
        null,
        null,
        null,
        1,
        8,
        null,
        null,
        1,
        0,
        null,
        null
      ],
      "/mnt/c/Users/dell/Desktop/Studies/Microverse/Rails/face/facebook-clone/app/helpers/comments_helper.rb": [
        null,
        null,
        1,
        1,
        0,
        null,
        null
      ],
      "/mnt/c/Users/dell/Desktop/Studies/Microverse/Rails/face/facebook-clone/app/helpers/homes_helper.rb": [
        null,
        null,
        1,
        1,
        0,
        null,
        0,
        null,
        null
      ],
      "/mnt/c/Users/dell/Desktop/Studies/Microverse/Rails/face/facebook-clone/app/helpers/posts_helper.rb": [
        null,
        null,
        1,
        1,
        0,
        null,
        0,
        null,
        null
      ],
      "/mnt/c/Users/dell/Desktop/Studies/Microverse/Rails/face/facebook-clone/app/helpers/users_helper.rb": [
        null,
        null,
        1,
        null
      ],
      "/mnt/c/Users/dell/Desktop/Studies/Microverse/Rails/face/facebook-clone/app/controllers/comments_controller.rb": [
        null,
        null,
        1,
        1,
        null,
        1,
        0,
        null,
        null,
        1,
        0,
        0,
        0,
        null,
        0,
        0,
        null,
        0,
        null,
        null,
        null,
        1,
        0,
        0,
        0,
        null,
        0,
        null,
        null,
        1,
        null,
        1,
        0,
        null,
        null,
        1,
        0,
        null,
        null
      ],
      "/mnt/c/Users/dell/Desktop/Studies/Microverse/Rails/face/facebook-clone/app/controllers/application_controller.rb": [
        null,
        null,
        1,
        1,
        1,
        null,
        1,
        null,
        1,
        12,
        null,
        null
      ],
      "/mnt/c/Users/dell/Desktop/Studies/Microverse/Rails/face/facebook-clone/spec/controllers/homes_controller_spec.rb": [
        null,
        null,
        1,
        null,
        1,
        1,
        5,
        null,
        1,
        1,
        4,
        4,
        null,
        null,
        1,
        1,
        null,
        null,
        1,
        1,
        null,
        null,
        1,
        1,
        null,
        null,
        1,
        1,
        null,
        null,
        1,
        1,
        1,
        1,
        null,
        null,
        null,
        null
      ],
      "/mnt/c/Users/dell/Desktop/Studies/Microverse/Rails/face/facebook-clone/app/controllers/homes_controller.rb": [
        null,
        null,
        1,
        1,
        8,
        null,
        null
      ],
      "/mnt/c/Users/dell/Desktop/Studies/Microverse/Rails/face/facebook-clone/spec/controllers/likes_controller_spec.rb": [
        null,
        null,
        null,
        null,
        null,
        null,
        null,
        null,
        null,
        null,
        null,
        null,
        null,
        null,
        null,
        null,
        null,
        null,
        null,
        null
      ],
      "/mnt/c/Users/dell/Desktop/Studies/Microverse/Rails/face/facebook-clone/spec/controllers/posts_controller_spec.rb": [
        null,
        null,
        1,
        null,
        1,
        1,
        1,
        1,
        1,
        null,
        null,
        null
      ],
      "/mnt/c/Users/dell/Desktop/Studies/Microverse/Rails/face/facebook-clone/app/controllers/posts_controller.rb": [
        null,
        null,
        1,
        1,
        null,
        1,
        0,
        null,
        null,
        1,
        0,
        null,
        null,
        1,
        0,
        0,
        0,
        null,
        null,
        1,
        0,
        null,
        null,
        1,
        0,
        0,
        0,
        0,
        null,
        0,
        0,
        null,
        null,
        null,
        1,
        null,
        1,
        0,
        0,
        0,
        null,
        0,
        0,
        null,
        null,
        null,
        1,
        null,
        1,
        0,
        null,
        null,
        1,
        0,
        null,
        null
      ],
      "/mnt/c/Users/dell/Desktop/Studies/Microverse/Rails/face/facebook-clone/spec/controllers/users_controller_spec.rb": [
        null,
        null,
        null,
        null,
        null,
        null,
        null,
        null,
        null,
        null,
        null,
        null,
        null,
        null,
        null,
        null,
        null,
        null,
        null,
        null,
        null,
        null,
        null,
        null,
        null,
        null,
        null,
        null,
        null,
        null,
        null,
        null,
        null,
        null,
        null,
        null,
        null,
        null,
        null,
        null,
        null
      ],
      "/mnt/c/Users/dell/Desktop/Studies/Microverse/Rails/face/facebook-clone/spec/features/home_page_spec.rb": [
        null,
        null,
        1,
        null,
        1,
        3,
        null,
        1,
        2,
        2,
        2,
        2,
        null,
        null,
        null,
        1,
        1,
        1,
        null,
        1,
        null,
        null,
        1,
        1,
        1,
        1,
        null,
        null,
        1,
        1,
        1,
        null,
        null,
        1,
        1,
        1,
        null,
        null
      ],
      "/mnt/c/Users/dell/Desktop/Studies/Microverse/Rails/face/facebook-clone/spec/features/user_spec.rb": [
        null,
        null,
        1,
        null,
        1,
        3,
        1,
        null,
        1,
        null,
        0,
        null,
        null,
        null,
        null,
        null,
        null,
        null,
        1,
        0,
        0,
        0,
        0,
        0,
        0,
        0,
        null,
        null,
        null,
        1,
        2,
        2,
        2,
        2,
        null,
        null,
        null,
        1,
        0,
        0,
        0,
        null,
        null,
        1,
        null,
        null,
        null,
        null,
        null,
        null,
        null,
        1,
        1,
        1,
        null,
        1,
        null,
        null,
        1,
        1,
        1,
        null,
        1,
        null,
        1,
        null,
        null,
        null
      ],
      "/mnt/c/Users/dell/Desktop/Studies/Microverse/Rails/face/facebook-clone/spec/helpers/comments_helper_spec.rb": [
        null,
        null,
        null,
        null,
        null,
        null,
        null,
        null,
        null,
        null,
        null,
        null,
        null,
        null,
        null,
        null,
        null
      ],
      "/mnt/c/Users/dell/Desktop/Studies/Microverse/Rails/face/facebook-clone/spec/helpers/posts_helper_spec.rb": [

      ],
      "/mnt/c/Users/dell/Desktop/Studies/Microverse/Rails/face/facebook-clone/spec/helpers/users_helper_spec.rb": [

      ],
      "/mnt/c/Users/dell/Desktop/Studies/Microverse/Rails/face/facebook-clone/spec/models/comment_spec.rb": [
        null,
        null,
        1,
        null,
        1,
        4,
        null,
        1,
        2,
        null,
        null,
        1,
        2,
        2,
        null,
        null,
        1,
        1,
        null,
        null,
        1,
        1,
        1,
        null,
        null,
        1,
        1,
        1,
        null,
        null
      ],
      "/mnt/c/Users/dell/Desktop/Studies/Microverse/Rails/face/facebook-clone/app/models/comment.rb": [
        null,
        null,
        1,
        1,
        1,
        null,
        1,
        null
      ],
      "/mnt/c/Users/dell/Desktop/Studies/Microverse/Rails/face/facebook-clone/spec/models/like_spec.rb": [
        null,
        null,
        1,
        null,
        1,
        2,
        null,
        1,
        2,
        null,
        null,
        1,
        2,
        null,
        null,
        1,
        1,
        null,
        null
      ],
      "/mnt/c/Users/dell/Desktop/Studies/Microverse/Rails/face/facebook-clone/app/models/like.rb": [
        null,
        null,
        1,
        1,
        1,
        null
      ],
      "/mnt/c/Users/dell/Desktop/Studies/Microverse/Rails/face/facebook-clone/spec/models/post_spec.rb": [
        null,
        null,
        1,
        null,
        1,
        3,
        null,
        1,
        2,
        null,
        null,
        1,
        1,
        null,
        null,
        1,
        1,
        1,
        null,
        null
      ],
      "/mnt/c/Users/dell/Desktop/Studies/Microverse/Rails/face/facebook-clone/app/models/post.rb": [
        null,
        null,
        1,
        1,
        1,
        1,
        1,
        1,
        null,
        1,
        null,
        1,
        null,
        1,
        8,
        null,
        null
      ],
      "/mnt/c/Users/dell/Desktop/Studies/Microverse/Rails/face/facebook-clone/spec/models/user_spec.rb": [
        null,
        null,
        1,
        null,
        1,
        6,
        null,
        1,
        2,
        2,
        2,
        null,
        null,
        1,
        2,
        null,
        null,
        1,
        1,
        null,
        null,
        1,
        1,
        1,
        null,
        null,
        1,
        1,
        1,
        null,
        null,
        1,
        1,
        1,
        null,
        null,
        1,
        1,
        1,
        null,
        null
      ]
    },
    "timestamp": 1577969727
  }
}
